2018-08-28 21:31:53 java_version:1.8.0_121
2018-08-28 21:31:53 java_vendor:Oracle Corporation
2018-08-28 21:31:53 java_vendor_url:http://java.oracle.com/
2018-08-28 21:31:53 java_home:E:\soft\Java\jdk1.8.0_121\jre
2018-08-28 21:31:53 java_class_version:52.0
2018-08-28 21:31:53 java_class_path:E:\git\egdownloader\bin;E:\git\egdownloader\libs\beautyeye_lnf.jar;E:\git\egdownloader\libs\commons-httpclient-3.1.jar;E:\git\egdownloader\libs\commons-logging-1.1.1.jar;E:\git\egdownloader\libs\commons-codec-1.3.jar;E:\git\egdownloader\libs\dom4j-1.6.1.jar;E:\git\egdownloader\libs\jaxen-1.1.1.jar;E:\git\egdownloader\libs\sqlite-jdbc-3.21.0.1.jar;E:\git\egdownloader\libs\arong-1.2.0.jar;E:\git\egdownloader\libs\c3p0.jar;E:\git\egdownloader\libs\commons-lang-2.5.jar
2018-08-28 21:31:53 os_name:Windows 8.1
2018-08-28 21:31:53 os_arch:amd64
2018-08-28 21:31:53 os_version:6.3
2018-08-28 21:31:53 user_name:arong
2018-08-28 21:31:53 user_home:C:\Users\arong
2018-08-28 21:31:53 user_dir:E:\git\egdownloader
2018-08-28 21:31:53 java_vm_specification_version:1.8
2018-08-28 21:31:53 java_vm_specification_vendor:Oracle Corporation
2018-08-28 21:31:53 java_vm_specification_name:Java Virtual Machine Specification
2018-08-28 21:31:53 java_vm_version:25.121-b13
2018-08-28 21:31:53 java_vm_vendor:Oracle Corporation
2018-08-28 21:31:53 java_vm_name:Java HotSpot(TM) 64-Bit Server VM
2018-08-28 21:32:54 打开日志文件/E:/git/egdownloader/\console.log
2018-08-28 21:33:11 http://exhentai.org/?advsearch=1&f_sh=on&f_apply=Apply+Filter&f_sname=on&f_stags=on&f_sh=on&f_srdd=2&page=0&f_doujinshi=1&f_manga=1&f_artistcg=1&f_gamecg=1&f_western=1&f_non-h=1&f_imageset=1&f_cosplay=1&f_asianporn=1&f_misc=1&f_all=1&f_search=language%3Achinese,proxy:null
2018-08-28 21:33:26 http://exhentai.org/?advsearch=1&f_sh=on&f_apply=Apply+Filter&f_sname=on&f_stags=on&f_sh=on&f_srdd=2&page=1&f_doujinshi=1&f_manga=1&f_artistcg=1&f_gamecg=1&f_western=1&f_non-h=1&f_imageset=1&f_cosplay=1&f_asianporn=1&f_misc=1&f_all=1&f_search=language%3Achinese,proxy:null
